<?xml version="1.0" encoding="UTF-8"?>
<!-- Generated by org.testng.reporters.JUnitReportReporter -->
<testsuite skipped="0" hostname="DESKTOP-N60QB27" name="unitTest.ReaderMap" tests="1" failures="0" timestamp="2022-12-02T10:26:43 IST" time="0.015" errors="0">
  <testcase name="map2" time="0.015" classname="unitTest.ReaderMap"/>
</testsuite> <!-- unitTest.ReaderMap -->
