<?xml version="1.0" encoding="UTF-8"?>
<!-- Generated by org.testng.reporters.JUnitReportReporter -->
<testsuite skipped="0" hostname="DESKTOP-N60QB27" name="unitTest.PropertiesReaderTest" tests="1" failures="0" timestamp="2022-12-02T10:14:16 IST" time="0.016" errors="0">
  <testcase name="readDataFromPropertyFile" time="0.016" classname="unitTest.PropertiesReaderTest"/>
</testsuite> <!-- unitTest.PropertiesReaderTest -->
